<?xml version="1.0" encoding="UTF-8"?>
<testsuite xmlns:xsi="http://www.w3.org/2001/XMLSchema-instance" xsi:noNamespaceSchemaLocation="https://maven.apache.org/surefire/maven-surefire-plugin/xsd/surefire-test-report.xsd" version="3.0.2" name="com.Uvito.Uvito.UvitoApplicationTests" time="5.319" tests="1" errors="0" skipped="0" failures="0">
  <properties>
[...]
</properties>
  <testcase name="contextLoads" classname="com.Uvito.Uvito.UvitoApplicationTests" time="0.5">
    <system-out><![CDATA[19:37:26.568 [main] INFO org.springframework.test.context.support.AnnotationConfigContextLoaderUtils -- Could not detect default configuration classes for test class [com.Uvito.Uvito.UvitoApplicationTests]: UvitoApplicationTests does not declare any static, non-private, non-final, nested classes annotated with @Configuration.
19:37:26.664 [main] INFO org.springframework.boot.test.context.SpringBootTestContextBootstrapper -- Found @SpringBootConfiguration com.Uvito.Uvito.UvitoApplication for test class com.Uvito.Uvito.UvitoApplicationTests

  .   ____          _            __ _ _
 /\\ / ___'_ __ _ _(_)_ __  __ _ \ \ \ \
( ( )\___ | '_ | '_| | '_ \/ _` | \ \ \ \
 \\/  ___)| |_)| | | | | || (_| |  ) ) ) )
  '  |____| .__|_| |_|_| |_\__, | / / / /
 =========|_|==============|___/=/_/_/_/

 :: Spring Boot ::                (v3.4.0)

2025-05-04T19:37:27.101+03:00  INFO 6600 --- [           main] com.Uvito.Uvito.UvitoApplicationTests    : Starting UvitoApplicationTests using Java 17.0.15 with PID 6600 (started by fgost in D:\TempleNet\WorkSpace\JAVA\Uvito)
2025-05-04T19:37:27.102+03:00  INFO 6600 --- [           main] com.Uvito.Uvito.UvitoApplicationTests    : No active profile set, falling back to 1 default profile: "default"
2025-05-04T19:37:27.804+03:00  INFO 6600 --- [           main] .s.d.r.c.RepositoryConfigurationDelegate : Bootstrapping Spring Data JPA repositories in DEFAULT mode.
2025-05-04T19:37:27.878+03:00  INFO 6600 --- [           main] .s.d.r.c.RepositoryConfigurationDelegate : Finished Spring Data repository scanning in 60 ms. Found 2 JPA repository interfaces.
2025-05-04T19:37:28.368+03:00  INFO 6600 --- [           main] o.hibernate.jpa.internal.util.LogHelper  : HHH000204: Processing PersistenceUnitInfo [name: default]
2025-05-04T19:37:28.430+03:00  INFO 6600 --- [           main] org.hibernate.Version                    : HHH000412: Hibernate ORM core version 6.2.0.Final
2025-05-04T19:37:28.433+03:00  INFO 6600 --- [           main] org.hibernate.cfg.Environment            : HHH000406: Using bytecode reflection optimizer
2025-05-04T19:37:28.673+03:00  INFO 6600 --- [           main] o.h.b.i.BytecodeProviderInitiator        : HHH000021: Bytecode provider name : bytebuddy
2025-05-04T19:37:28.816+03:00  INFO 6600 --- [           main] o.s.o.j.p.SpringPersistenceUnitInfo      : No LoadTimeWeaver setup: ignoring JPA class transformer
2025-05-04T19:37:28.833+03:00  INFO 6600 --- [           main] com.zaxxer.hikari.HikariDataSource       : HikariPool-1 - Starting...
2025-05-04T19:37:29.028+03:00  INFO 6600 --- [           main] com.zaxxer.hikari.pool.HikariPool        : HikariPool-1 - Added connection org.postgresql.jdbc.PgConnection@3dfe92ef
2025-05-04T19:37:29.031+03:00  INFO 6600 --- [           main] com.zaxxer.hikari.HikariDataSource       : HikariPool-1 - Start completed.
2025-05-04T19:37:29.068+03:00  INFO 6600 --- [           main] SQL dialect                              : HHH000400: Using dialect: org.hibernate.dialect.PostgreSQLDialect
2025-05-04T19:37:29.311+03:00  INFO 6600 --- [           main] o.h.b.i.BytecodeProviderInitiator        : HHH000021: Bytecode provider name : bytebuddy
2025-05-04T19:37:29.978+03:00  INFO 6600 --- [           main] o.h.e.t.j.p.i.JtaPlatformInitiator       : HHH000490: Using JtaPlatform implementation: [org.hibernate.engine.transaction.jta.platform.internal.NoJtaPlatform]
Hibernate: 
    alter table if exists useless_items 
       alter column date_create set data type timestamp(6)
Hibernate: 
    alter table if exists useless_items 
       alter column date_update set data type timestamp(6)
2025-05-04T19:37:30.062+03:00  INFO 6600 --- [           main] j.LocalContainerEntityManagerFactoryBean : Initialized JPA EntityManagerFactory for persistence unit 'default'
2025-05-04T19:37:30.469+03:00  WARN 6600 --- [           main] JpaBaseConfiguration$JpaWebConfiguration : spring.jpa.open-in-view is enabled by default. Therefore, database queries may be performed during view rendering. Explicitly configure spring.jpa.open-in-view to disable this warning
2025-05-04T19:37:30.490+03:00  WARN 6600 --- [           main] .s.s.UserDetailsServiceAutoConfiguration : 

Using generated security password: 7b1a53af-0a16-495f-b247-6812f625a711

This generated password is for development use only. Your security configuration must be updated before running your application in production.

2025-05-04T19:37:30.498+03:00  INFO 6600 --- [           main] r$InitializeUserDetailsManagerConfigurer : Global AuthenticationManager configured with UserDetailsService bean with name inMemoryUserDetailsManager
2025-05-04T19:37:30.581+03:00  INFO 6600 --- [           main] o.s.b.a.w.s.WelcomePageHandlerMapping    : Adding welcome page template: index
2025-05-04T19:37:31.232+03:00  INFO 6600 --- [           main] com.Uvito.Uvito.UvitoApplicationTests    : Started UvitoApplicationTests in 4.415 seconds (process running for 5.334)
]]></system-out>
  </testcase>
</testsuite>